  ThreeDeeApp.cpp
c:\cinder\include\cinder\font.h(128): warning C4996: 'sprintf': This function or variable may be unsafe. Consider using sprintf_s instead. To disable deprecation, use _CRT_SECURE_NO_WARNINGS. See online help for details.
          c:\program files (x86)\microsoft visual studio 10.0\vc\include\stdio.h(371) : see declaration of 'sprintf'
c:\users\aalpern\documents\my dropbox\gizmo\include\zugster\gizmo\solarizedtheme.h(117): warning C4305: 'argument' : truncation from 'double' to 'float'
c:\users\aalpern\documents\my dropbox\gizmo\include\zugster\gizmo\solarizedtheme.h(119): warning C4305: 'argument' : truncation from 'double' to 'float'
c:\users\aalpern\documents\my dropbox\gizmo\include\zugster\gizmo\solarizedtheme.h(122): warning C4244: 'argument' : conversion from 'double' to 'uint8_t', possible loss of data
c:\users\aalpern\documents\my dropbox\gizmo\include\zugster\gizmo\parts\radialgridpart.h(23): warning C4244: 'argument' : conversion from 'int' to 'float', possible loss of data
c:\users\aalpern\documents\my dropbox\gizmo\include\zugster\gizmo\parts\radialgridpart.h(23): warning C4244: 'argument' : conversion from 'double' to 'float', possible loss of data
c:\users\aalpern\documents\my dropbox\gizmo\include\zugster\gizmo\parts\radialgridpart.h(61): warning C4244: 'argument' : conversion from 'double' to 'const float', possible loss of data
c:\users\aalpern\documents\my dropbox\gizmo\include\zugster\gizmo\gizmopane.h(18): warning C4244: 'argument' : conversion from 'double' to 'float', possible loss of data
c:\users\aalpern\documents\my dropbox\gizmo\include\zugster\gizmo\gizmopane.h(18): warning C4244: 'argument' : conversion from 'double' to 'float', possible loss of data
c:\users\aalpern\documents\my dropbox\gizmo\include\zugster\cinderpane\interface.h(127): warning C4996: 'localtime': This function or variable may be unsafe. Consider using localtime_s instead. To disable deprecation, use _CRT_SECURE_NO_WARNINGS. See online help for details.
          c:\program files (x86)\microsoft visual studio 10.0\vc\include\time.inl(112) : see declaration of 'localtime'
c:\users\aalpern\documents\my dropbox\gizmo\include\zugster\cinderpane\interface.h(260): warning C4244: 'argument' : conversion from 'double' to 'float', possible loss of data
c:\users\aalpern\documents\my dropbox\gizmo\include\zugster\cinderpane\interface.h(260): warning C4244: 'argument' : conversion from 'double' to 'float', possible loss of data
c:\users\aalpern\documents\my dropbox\gizmo\samples\threedee\src\threedeeapp.cpp(224): warning C4244: 'argument' : conversion from 'const int' to 'float', possible loss of data
c:\users\aalpern\documents\my dropbox\gizmo\samples\threedee\src\threedeeapp.cpp(224): warning C4244: 'argument' : conversion from 'const int' to 'float', possible loss of data
c:\users\aalpern\documents\my dropbox\gizmo\samples\threedee\src\threedeeapp.cpp(226): warning C4244: 'argument' : conversion from 'const int' to 'float', possible loss of data
c:\users\aalpern\documents\my dropbox\gizmo\samples\threedee\src\threedeeapp.cpp(226): warning C4244: 'argument' : conversion from 'const int' to 'float', possible loss of data
c:\users\aalpern\documents\my dropbox\gizmo\samples\threedee\src\threedeeapp.cpp(229): warning C4244: 'argument' : conversion from 'const int' to 'float', possible loss of data
c:\users\aalpern\documents\my dropbox\gizmo\samples\threedee\src\threedeeapp.cpp(229): warning C4244: 'argument' : conversion from 'const int' to 'float', possible loss of data
c:\users\aalpern\documents\my dropbox\gizmo\samples\threedee\src\threedeeapp.cpp(263): warning C4305: 'argument' : truncation from 'double' to 'float'
c:\users\aalpern\documents\my dropbox\gizmo\samples\threedee\src\threedeeapp.cpp(263): warning C4305: 'argument' : truncation from 'double' to 'float'
c:\cinder\boost\boost\smart_ptr\make_shared.hpp(333): warning C4244: 'argument' : conversion from 'const int' to 'float', possible loss of data
          c:\users\aalpern\documents\my dropbox\gizmo\samples\threedee\src\threedeeapp.cpp(64) : see reference to function template instantiation 'boost::shared_ptr<T> boost::make_shared<zugster::gizmo::RadialLinesPart,float,float,int,int,int>(const A1 &,const A2 &,const A3 &,const A4 &,const A5 &)' being compiled
          with
          [
              T=zugster::gizmo::RadialLinesPart,
              A1=float,
              A2=float,
              A3=int,
              A4=int,
              A5=int
          ]
c:\cinder\boost\boost\smart_ptr\make_shared.hpp(333): warning C4244: 'argument' : conversion from 'const int' to 'float', possible loss of data
c:\cinder\boost\boost\smart_ptr\make_shared.hpp(297): warning C4244: 'argument' : conversion from 'const double' to 'float', possible loss of data
          c:\users\aalpern\documents\my dropbox\gizmo\samples\threedee\src\threedeeapp.cpp(138) : see reference to function template instantiation 'boost::shared_ptr<T> boost::make_shared<zugster::gizmo::GradientCirclePart,double,double,cinder::ColorAf,cinder::ColorAT<float>>(const A1 &,const A2 &,const A3 &,const A4 &)' being compiled
          with
          [
              T=zugster::gizmo::GradientCirclePart,
              A1=double,
              A2=double,
              A3=cinder::ColorAf,
              A4=cinder::ColorAT<float>
          ]
c:\cinder\boost\boost\smart_ptr\make_shared.hpp(297): warning C4244: 'argument' : conversion from 'const double' to 'float', possible loss of data
c:\cinder\boost\boost\smart_ptr\make_shared.hpp(261): warning C4244: 'argument' : conversion from 'const double' to 'float', possible loss of data
          c:\users\aalpern\documents\my dropbox\gizmo\samples\threedee\src\threedeeapp.cpp(144) : see reference to function template instantiation 'boost::shared_ptr<T> boost::make_shared<zugster::gizmo::RadialLinesPart,double,double,int>(const A1 &,const A2 &,const A3 &)' being compiled
          with
          [
              T=zugster::gizmo::RadialLinesPart,
              A1=double,
              A2=double,
              A3=int
          ]
c:\cinder\boost\boost\smart_ptr\make_shared.hpp(261): warning C4244: 'argument' : conversion from 'const double' to 'float', possible loss of data
c:\cinder\boost\boost\smart_ptr\make_shared.hpp(297): warning C4244: 'argument' : conversion from 'const int' to 'float', possible loss of data
          c:\users\aalpern\documents\my dropbox\gizmo\samples\threedee\src\threedeeapp.cpp(160) : see reference to function template instantiation 'boost::shared_ptr<T> boost::make_shared<zugster::gizmo::RegularPolygonPart,int,int,bool,bool>(const A1 &,const A2 &,const A3 &,const A4 &)' being compiled
          with
          [
              T=zugster::gizmo::RegularPolygonPart,
              A1=int,
              A2=int,
              A3=bool,
              A4=bool
          ]
c:\cinder\boost\boost\smart_ptr\make_shared.hpp(261): warning C4244: 'argument' : conversion from 'const int' to 'float', possible loss of data
          c:\users\aalpern\documents\my dropbox\gizmo\samples\threedee\src\threedeeapp.cpp(168) : see reference to function template instantiation 'boost::shared_ptr<T> boost::make_shared<zugster::gizmo::RadialLinesPart,int,int,int>(const A1 &,const A2 &,const A3 &)' being compiled
          with
          [
              T=zugster::gizmo::RadialLinesPart,
              A1=int,
              A2=int,
              A3=int
          ]
c:\cinder\boost\boost\smart_ptr\make_shared.hpp(261): warning C4244: 'argument' : conversion from 'const int' to 'float', possible loss of data
c:\program files (x86)\microsoft visual studio 10.0\vc\include\xutility(2227): warning C4996: 'std::_Copy_impl': Function call with parameters that may be unsafe - this call relies on the caller to check that the passed values are correct. To disable this warning, use -D_SCL_SECURE_NO_WARNINGS. See documentation on how to use Visual C++ 'Checked Iterators'
          c:\program files (x86)\microsoft visual studio 10.0\vc\include\xutility(2212) : see declaration of 'std::_Copy_impl'
          c:\cinder\boost\boost\algorithm\string\detail\classification.hpp(102) : see reference to function template instantiation '_OutIt std::copy<const char*,char*>(_InIt,_InIt,_OutIt)' being compiled
          with
          [
              _OutIt=char *,
              _InIt=const char *
          ]
          c:\cinder\boost\boost\algorithm\string\classification.hpp(206) : see reference to function template instantiation 'boost::algorithm::detail::is_any_ofF<CharT>::is_any_ofF<boost::iterator_range<IteratorT>>(const RangeT &)' being compiled
          with
          [
              CharT=char,
              IteratorT=const char *,
              RangeT=boost::iterator_range<const char *>
          ]
          c:\users\aalpern\documents\my dropbox\gizmo\include\zugster\cinder\utils.h(97) : see reference to function template instantiation 'boost::algorithm::detail::is_any_ofF<CharT> boost::algorithm::is_any_of<const char[2]>(RangeT (&))' being compiled
          with
          [
              CharT=char,
              RangeT=const char [2]
          ]
libcpmt.lib(locale.obj) : error LNK2038: mismatch detected for '_ITERATOR_DEBUG_LEVEL': value '0' doesn't match value '2' in ThreeDeeApp.obj
libcpmt.lib(wlocale.obj) : error LNK2038: mismatch detected for '_ITERATOR_DEBUG_LEVEL': value '0' doesn't match value '2' in ThreeDeeApp.obj
libcpmt.lib(xlocale.obj) : error LNK2038: mismatch detected for '_ITERATOR_DEBUG_LEVEL': value '0' doesn't match value '2' in ThreeDeeApp.obj
libcpmt.lib(xdateord.obj) : error LNK2038: mismatch detected for '_ITERATOR_DEBUG_LEVEL': value '0' doesn't match value '2' in ThreeDeeApp.obj
     Creating library C:\Users\aalpern\Documents\My Dropbox\Gizmo\samples\ThreeDee\vc10\Debug\ThreeDee.lib and object C:\Users\aalpern\Documents\My Dropbox\Gizmo\samples\ThreeDee\vc10\Debug\ThreeDee.exp
C:\Users\aalpern\Documents\My Dropbox\Gizmo\samples\ThreeDee\vc10\Debug\ThreeDee.exe : fatal error LNK1319: 4 mismatches detected
